Content-Type: text/plain; charset="utf-8"
MIME-Version: 1.0
Content-Transfer-Encoding: 8bit
Subject: 
 =?utf-8?q?Cl=C3=ADnica_Psicolog=C3=ADa=3A_Campa=C3=B1a_de_Email_Marketing?=
From: no-contestar@clinica-psicologia.com
To: jemer2407@gmail.com
Date: Mon, 18 Nov 2024 07:37:10 -0000
Message-ID: <173191543036.20604.10254338549942022173@Jesus.home>

Asunto Campaña de email marketing 1 

Escribió:

<p>Prueba de campaña de email marketing</p>
-------------------------------------------------------------------------------
Content-Type: text/plain; charset="utf-8"
MIME-Version: 1.0
Content-Transfer-Encoding: 8bit
Subject: 
 =?utf-8?q?Cl=C3=ADnica_Psicolog=C3=ADa=3A_Campa=C3=B1a_de_Email_Marketing?=
From: no-contestar@clinica-psicologia.com
To: freelancetrigil@gmail.com
Date: Mon, 18 Nov 2024 07:37:10 -0000
Message-ID: <173191543036.20604.13378588013509069849@Jesus.home>

Asunto Campaña de email marketing 1 

Escribió:

<p>Prueba de campaña de email marketing</p>
-------------------------------------------------------------------------------
